FingerIdentify/fingerpass/build/outputs/logs/manifest-merger-debug-report.txt
-- Merging decision tree log ---
manifest
ADDED from src/main/AndroidManifest.xml:1:1-7:12
INJECTED from src/main/AndroidManifest.xml:1:1-7:12
INJECTED from src/main/AndroidManifest.xml:1:1-7:12
INJECTED from src/main/AndroidManifest.xml:1:1-7:12
INJECTED from src/main/AndroidManifest.xml:1:1-7:12
INJECTED from src/main/AndroidManifest.xml:1:1-7:12
INJECTED from src/main/AndroidManifest.xml:1:1-7:12
	package
		ADDED from src/main/AndroidManifest.xml:2:5-42
		INJECTED from src/main/AndroidManifest.xml
		INJECTED from src/main/AndroidManifest.xml
	android:versionName
		INJECTED from src/main/AndroidManifest.xml
		ADDED from src/main/AndroidManifest.xml:1:1-7:12
		INJECTED from src/main/AndroidManifest.xml
	android:versionCode
		INJECTED from src/main/AndroidManifest.xml
		ADDED from src/main/AndroidManifest.xml:1:1-7:12
		INJECTED from src/main/AndroidManifest.xml
	xmlns:android
		ADDED from src/main/AndroidManifest.xml:1:11-69
uses-permission#android.permission.USE_FINGERPRINT
ADDED from src/main/AndroidManifest.xml:4:5-74
	android:name
		ADDED from src/main/AndroidManifest.xml:4:22-71
uses-permission#com.samsung.android.providers.context.permission.WRITE_USE_APP_FEATURE_SURVEY
ADDED from src/main/AndroidManifest.xml:5:5-117
	android:name
		ADDED from src/main/AndroidManifest.xml:5:22-114
uses-permission#com.fingerprints.service.ACCESS_FINGERPRINT_MANAGER
ADDED from src/main/AndroidManifest.xml:6:5-91
	android:name
		ADDED from src/main/AndroidManifest.xml:6:22-88
uses-sdk
INJECTED from src/main/AndroidManifest.xml reason: use-sdk injection requested
INJECTED from src/main/AndroidManifest.xml
INJECTED from src/main/AndroidManifest.xml
INJECTED from src/main/AndroidManifest.xml
INJECTED from src/main/AndroidManifest.xml
	android:targetSdkVersion
		INJECTED from src/main/AndroidManifest.xml
		ADDED from src/main/AndroidManifest.xml
		INJECTED from src/main/AndroidManifest.xml
	android:minSdkVersion
		INJECTED from src/main/AndroidManifest.xml
		ADDED from src/main/AndroidManifest.xml
		INJECTED from src/main/AndroidManifest.xml